<?xml version="1.0" encoding="UTF-8"?>
<testsuite xmlns:xsi="http://www.w3.org/2001/XMLSchema-instance" xsi:noNamespaceSchemaLocation="https://maven.apache.org/surefire/maven-surefire-plugin/xsd/surefire-test-report.xsd" name="cn.itrip.auth.service.TestUserService" time="2.537" tests="1" errors="0" skipped="0" failures="0">
  <properties>
    <property name="sun.desktop" value="windows"/>
    <property name="awt.toolkit" value="sun.awt.windows.WToolkit"/>
    <property name="file.encoding.pkg" value="sun.io"/>
    <property name="java.specification.version" value="1.8"/>
    <property name="sun.cpu.isalist" value="amd64"/>
    <property name="sun.jnu.encoding" value="GBK"/>
    <property name="java.class.path" value="D:\IdeaProjects\itrip\itrip-auth\target\test-classes;D:\IdeaProjects\itrip\itrip-auth\target\classes;C:\Users\Administrator\.m2\repository_new\junit\junit\4.11\junit-4.11.jar;C:\Users\Administrator\.m2\repository_new\org\hamcrest\hamcrest-core\1.3\hamcrest-core-1.3.jar;D:\IdeaProjects\itrip\itrip-dao\target\itrip-dao-1.0-SNAPSHOT.jar;D:\IdeaProjects\itrip\itrip-utils\target\itrip-utils-1.0-SNAPSHOT.jar;D:\IdeaProjects\itrip\itrip-beans\target\itrip-beans-1.0-SNAPSHOT.jar;C:\Users\Administrator\.m2\repository_new\com\belerweb\pinyin4j\2.5.0\pinyin4j-2.5.0.jar;C:\Users\Administrator\.m2\repository_new\cz\mallat\uasparser\uasparser\0.6.0\uasparser-0.6.0.jar;C:\Users\Administrator\.m2\repository_new\net\sourceforge\jregex\jregex\1.2_01\jregex-1.2_01.jar;C:\Users\Administrator\.m2\repository_new\javax\servlet\servlet-api\2.5\servlet-api-2.5.jar;C:\Users\Administrator\.m2\repository_new\org\hibernate\hibernate-validator\5.2.4.Final\hibernate-validator-5.2.4.Final.jar;C:\Users\Administrator\.m2\repository_new\javax\validation\validation-api\1.1.0.Final\validation-api-1.1.0.Final.jar;C:\Users\Administrator\.m2\repository_new\org\jboss\logging\jboss-logging\3.2.1.Final\jboss-logging-3.2.1.Final.jar;C:\Users\Administrator\.m2\repository_new\com\fasterxml\classmate\1.1.0\classmate-1.1.0.jar;C:\Users\Administrator\.m2\repository_new\joda-time\joda-time\2.7\joda-time-2.7.jar;C:\Users\Administrator\.m2\repository_new\jaxen\jaxen\1.1.6\jaxen-1.1.6.jar;C:\Users\Administrator\.m2\repository_new\commons-io\commons-io\2.4\commons-io-2.4.jar;C:\Users\Administrator\.m2\repository_new\commons-logging\commons-logging\1.2\commons-logging-1.2.jar;C:\Users\Administrator\.m2\repository_new\org\springframework\spring-context\4.1.7.RELEASE\spring-context-4.1.7.RELEASE.jar;C:\Users\Administrator\.m2\repository_new\org\springframework\spring-aop\4.1.7.RELEASE\spring-aop-4.1.7.RELEASE.jar;C:\Users\Administrator\.m2\repository_new\aopalliance\aopalliance\1.0\aopalliance-1.0.jar;C:\Users\Administrator\.m2\repository_new\org\springframework\spring-context-support\4.1.7.RELEASE\spring-context-support-4.1.7.RELEASE.jar;C:\Users\Administrator\.m2\repository_new\commons-dbcp\commons-dbcp\1.4\commons-dbcp-1.4.jar;C:\Users\Administrator\.m2\repository_new\commons-pool\commons-pool\1.5.4\commons-pool-1.5.4.jar;C:\Users\Administrator\.m2\repository_new\cglib\cglib\3.2.5\cglib-3.2.5.jar;C:\Users\Administrator\.m2\repository_new\org\ow2\asm\asm\5.2\asm-5.2.jar;C:\Users\Administrator\.m2\repository_new\org\apache\ant\ant\1.9.6\ant-1.9.6.jar;C:\Users\Administrator\.m2\repository_new\org\apache\ant\ant-launcher\1.9.6\ant-launcher-1.9.6.jar;C:\Users\Administrator\.m2\repository_new\org\aspectj\aspectjweaver\1.6.12\aspectjweaver-1.6.12.jar;C:\Users\Administrator\.m2\repository_new\org\springframework\spring-oxm\4.1.7.RELEASE\spring-oxm-4.1.7.RELEASE.jar;C:\Users\Administrator\.m2\repository_new\org\springframework\spring-tx\4.1.7.RELEASE\spring-tx-4.1.7.RELEASE.jar;C:\Users\Administrator\.m2\repository_new\jstl\jstl\1.2\jstl-1.2.jar;C:\Users\Administrator\.m2\repository_new\org\mybatis\mybatis-spring\1.2.0\mybatis-spring-1.2.0.jar;C:\Users\Administrator\.m2\repository_new\org\slf4j\jcl-over-slf4j\1.7.12\jcl-over-slf4j-1.7.12.jar;C:\Users\Administrator\.m2\repository_new\commons-codec\commons-codec\1.4\commons-codec-1.4.jar;C:\Users\Administrator\.m2\repository_new\org\springframework\spring-orm\4.1.7.RELEASE\spring-orm-4.1.7.RELEASE.jar;C:\Users\Administrator\.m2\repository_new\org\springframework\spring-jdbc\4.1.7.RELEASE\spring-jdbc-4.1.7.RELEASE.jar;C:\Users\Administrator\.m2\repository_new\org\springframework\spring-jms\4.1.7.RELEASE\spring-jms-4.1.7.RELEASE.jar;C:\Users\Administrator\.m2\repository_new\org\springframework\spring-messaging\4.1.7.RELEASE\spring-messaging-4.1.7.RELEASE.jar;C:\Users\Administrator\.m2\repository_new\org\slf4j\slf4j-api\1.7.12\slf4j-api-1.7.12.jar;C:\Users\Administrator\.m2\repository_new\org\springframework\spring-expression\4.1.7.RELEASE\spring-expression-4.1.7.RELEASE.jar;C:\Users\Administrator\.m2\repository_new\org\springframework\spring-test\4.1.7.RELEASE\spring-test-4.1.7.RELEASE.jar;C:\Users\Administrator\.m2\repository_new\org\springframework\spring-webmvc\4.1.7.RELEASE\spring-webmvc-4.1.7.RELEASE.jar;C:\Users\Administrator\.m2\repository_new\org\springframework\spring-web\4.1.7.RELEASE\spring-web-4.1.7.RELEASE.jar;C:\Users\Administrator\.m2\repository_new\org\springframework\spring-beans\4.1.7.RELEASE\spring-beans-4.1.7.RELEASE.jar;C:\Users\Administrator\.m2\repository_new\mysql\mysql-connector-java\5.1.18\mysql-connector-java-5.1.18.jar;C:\Users\Administrator\.m2\repository_new\org\slf4j\slf4j-log4j12\1.7.12\slf4j-log4j12-1.7.12.jar;C:\Users\Administrator\.m2\repository_new\log4j\log4j\1.2.17\log4j-1.2.17.jar;C:\Users\Administrator\.m2\repository_new\org\springframework\spring-core\4.1.7.RELEASE\spring-core-4.1.7.RELEASE.jar;C:\Users\Administrator\.m2\repository_new\commons-fileupload\commons-fileupload\1.3.1\commons-fileupload-1.3.1.jar;C:\Users\Administrator\.m2\repository_new\org\mybatis\mybatis\3.2.2\mybatis-3.2.2.jar;C:\Users\Administrator\.m2\repository_new\redis\clients\jedis\2.1.0\jedis-2.1.0.jar;C:\Users\Administrator\.m2\repository_new\com\alibaba\fastjson\1.2.31\fastjson-1.2.31.jar;C:\Users\Administrator\.m2\repository_new\io\springfox\springfox-swagger2\2.4.0\springfox-swagger2-2.4.0.jar;C:\Users\Administrator\.m2\repository_new\io\swagger\swagger-annotations\1.5.6\swagger-annotations-1.5.6.jar;C:\Users\Administrator\.m2\repository_new\io\swagger\swagger-models\1.5.6\swagger-models-1.5.6.jar;C:\Users\Administrator\.m2\repository_new\io\springfox\springfox-spi\2.4.0\springfox-spi-2.4.0.jar;C:\Users\Administrator\.m2\repository_new\io\springfox\springfox-core\2.4.0\springfox-core-2.4.0.jar;C:\Users\Administrator\.m2\repository_new\io\springfox\springfox-schema\2.4.0\springfox-schema-2.4.0.jar;C:\Users\Administrator\.m2\repository_new\io\springfox\springfox-swagger-common\2.4.0\springfox-swagger-common-2.4.0.jar;C:\Users\Administrator\.m2\repository_new\io\springfox\springfox-spring-web\2.4.0\springfox-spring-web-2.4.0.jar;C:\Users\Administrator\.m2\repository_new\org\springframework\plugin\spring-plugin-core\1.2.0.RELEASE\spring-plugin-core-1.2.0.RELEASE.jar;C:\Users\Administrator\.m2\repository_new\org\springframework\plugin\spring-plugin-metadata\1.2.0.RELEASE\spring-plugin-metadata-1.2.0.RELEASE.jar;C:\Users\Administrator\.m2\repository_new\io\springfox\springfox-swagger-ui\2.4.0\springfox-swagger-ui-2.4.0.jar;C:\Users\Administrator\.m2\repository_new\com\google\guava\guava\19.0\guava-19.0.jar;C:\Users\Administrator\.m2\repository_new\org\mapstruct\mapstruct-jdk8\1.1.0.Final\mapstruct-jdk8-1.1.0.Final.jar;C:\Users\Administrator\.m2\repository_new\com\fasterxml\jackson\core\jackson-core\2.8.7\jackson-core-2.8.7.jar;C:\Users\Administrator\.m2\repository_new\com\fasterxml\jackson\core\jackson-databind\2.8.7\jackson-databind-2.8.7.jar;C:\Users\Administrator\.m2\repository_new\com\fasterxml\jackson\core\jackson-annotations\2.8.7\jackson-annotations-2.8.7.jar;C:\Users\Administrator\.m2\repository_new\javax\mail\mail\1.4.7\mail-1.4.7.jar;C:\Users\Administrator\.m2\repository_new\javax\activation\activation\1.1\activation-1.1.jar;C:\Users\Administrator\.m2\repository_new\cn\itrip\itrip-jregex\1.2_01\itrip-jregex-1.2_01.jar;C:\Users\Administrator\.m2\repository_new\cn\itrip\ccprestsms\itrip-ccprestsms\1.0\itrip-ccprestsms-1.0.jar;C:\Users\Administrator\.m2\repository_new\com\thetransactioncompany\cors-filter\1.7\cors-filter-1.7.jar;C:\Users\Administrator\.m2\repository_new\com\thetransactioncompany\java-property-utils\1.9\java-property-utils-1.9.jar;"/>
    <property name="java.vm.vendor" value="Oracle Corporation"/>
    <property name="sun.arch.data.model" value="64"/>
    <property name="user.variant" value=""/>
    <property name="java.vendor.url" value="http://java.oracle.com/"/>
    <property name="user.timezone" value=""/>
    <property name="java.vm.specification.version" value="1.8"/>
    <property name="os.name" value="Windows 7"/>
    <property name="user.country" value="CN"/>
    <property name="sun.java.launcher" value="SUN_STANDARD"/>
    <property name="sun.boot.library.path" value="D:\Java\jdk1.8.0_144\jre\bin"/>
    <property name="sun.java.command" value="C:\Users\ADMINI~1\AppData\Local\Temp\surefire2039145819501184328\surefirebooter7768630936591880107.jar C:\Users\Administrator\AppData\Local\Temp\surefire2039145819501184328 2018-12-03T11-42-01_622-jvmRun1 surefire787545008741293900tmp surefire_0915741049098677081tmp"/>
    <property name="surefire.test.class.path" value="D:\IdeaProjects\itrip\itrip-auth\target\test-classes;D:\IdeaProjects\itrip\itrip-auth\target\classes;C:\Users\Administrator\.m2\repository_new\junit\junit\4.11\junit-4.11.jar;C:\Users\Administrator\.m2\repository_new\org\hamcrest\hamcrest-core\1.3\hamcrest-core-1.3.jar;D:\IdeaProjects\itrip\itrip-dao\target\itrip-dao-1.0-SNAPSHOT.jar;D:\IdeaProjects\itrip\itrip-utils\target\itrip-utils-1.0-SNAPSHOT.jar;D:\IdeaProjects\itrip\itrip-beans\target\itrip-beans-1.0-SNAPSHOT.jar;C:\Users\Administrator\.m2\repository_new\com\belerweb\pinyin4j\2.5.0\pinyin4j-2.5.0.jar;C:\Users\Administrator\.m2\repository_new\cz\mallat\uasparser\uasparser\0.6.0\uasparser-0.6.0.jar;C:\Users\Administrator\.m2\repository_new\net\sourceforge\jregex\jregex\1.2_01\jregex-1.2_01.jar;C:\Users\Administrator\.m2\repository_new\javax\servlet\servlet-api\2.5\servlet-api-2.5.jar;C:\Users\Administrator\.m2\repository_new\org\hibernate\hibernate-validator\5.2.4.Final\hibernate-validator-5.2.4.Final.jar;C:\Users\Administrator\.m2\repository_new\javax\validation\validation-api\1.1.0.Final\validation-api-1.1.0.Final.jar;C:\Users\Administrator\.m2\repository_new\org\jboss\logging\jboss-logging\3.2.1.Final\jboss-logging-3.2.1.Final.jar;C:\Users\Administrator\.m2\repository_new\com\fasterxml\classmate\1.1.0\classmate-1.1.0.jar;C:\Users\Administrator\.m2\repository_new\joda-time\joda-time\2.7\joda-time-2.7.jar;C:\Users\Administrator\.m2\repository_new\jaxen\jaxen\1.1.6\jaxen-1.1.6.jar;C:\Users\Administrator\.m2\repository_new\commons-io\commons-io\2.4\commons-io-2.4.jar;C:\Users\Administrator\.m2\repository_new\commons-logging\commons-logging\1.2\commons-logging-1.2.jar;C:\Users\Administrator\.m2\repository_new\org\springframework\spring-context\4.1.7.RELEASE\spring-context-4.1.7.RELEASE.jar;C:\Users\Administrator\.m2\repository_new\org\springframework\spring-aop\4.1.7.RELEASE\spring-aop-4.1.7.RELEASE.jar;C:\Users\Administrator\.m2\repository_new\aopalliance\aopalliance\1.0\aopalliance-1.0.jar;C:\Users\Administrator\.m2\repository_new\org\springframework\spring-context-support\4.1.7.RELEASE\spring-context-support-4.1.7.RELEASE.jar;C:\Users\Administrator\.m2\repository_new\commons-dbcp\commons-dbcp\1.4\commons-dbcp-1.4.jar;C:\Users\Administrator\.m2\repository_new\commons-pool\commons-pool\1.5.4\commons-pool-1.5.4.jar;C:\Users\Administrator\.m2\repository_new\cglib\cglib\3.2.5\cglib-3.2.5.jar;C:\Users\Administrator\.m2\repository_new\org\ow2\asm\asm\5.2\asm-5.2.jar;C:\Users\Administrator\.m2\repository_new\org\apache\ant\ant\1.9.6\ant-1.9.6.jar;C:\Users\Administrator\.m2\repository_new\org\apache\ant\ant-launcher\1.9.6\ant-launcher-1.9.6.jar;C:\Users\Administrator\.m2\repository_new\org\aspectj\aspectjweaver\1.6.12\aspectjweaver-1.6.12.jar;C:\Users\Administrator\.m2\repository_new\org\springframework\spring-oxm\4.1.7.RELEASE\spring-oxm-4.1.7.RELEASE.jar;C:\Users\Administrator\.m2\repository_new\org\springframework\spring-tx\4.1.7.RELEASE\spring-tx-4.1.7.RELEASE.jar;C:\Users\Administrator\.m2\repository_new\jstl\jstl\1.2\jstl-1.2.jar;C:\Users\Administrator\.m2\repository_new\org\mybatis\mybatis-spring\1.2.0\mybatis-spring-1.2.0.jar;C:\Users\Administrator\.m2\repository_new\org\slf4j\jcl-over-slf4j\1.7.12\jcl-over-slf4j-1.7.12.jar;C:\Users\Administrator\.m2\repository_new\commons-codec\commons-codec\1.4\commons-codec-1.4.jar;C:\Users\Administrator\.m2\repository_new\org\springframework\spring-orm\4.1.7.RELEASE\spring-orm-4.1.7.RELEASE.jar;C:\Users\Administrator\.m2\repository_new\org\springframework\spring-jdbc\4.1.7.RELEASE\spring-jdbc-4.1.7.RELEASE.jar;C:\Users\Administrator\.m2\repository_new\org\springframework\spring-jms\4.1.7.RELEASE\spring-jms-4.1.7.RELEASE.jar;C:\Users\Administrator\.m2\repository_new\org\springframework\spring-messaging\4.1.7.RELEASE\spring-messaging-4.1.7.RELEASE.jar;C:\Users\Administrator\.m2\repository_new\org\slf4j\slf4j-api\1.7.12\slf4j-api-1.7.12.jar;C:\Users\Administrator\.m2\repository_new\org\springframework\spring-expression\4.1.7.RELEASE\spring-expression-4.1.7.RELEASE.jar;C:\Users\Administrator\.m2\repository_new\org\springframework\spring-test\4.1.7.RELEASE\spring-test-4.1.7.RELEASE.jar;C:\Users\Administrator\.m2\repository_new\org\springframework\spring-webmvc\4.1.7.RELEASE\spring-webmvc-4.1.7.RELEASE.jar;C:\Users\Administrator\.m2\repository_new\org\springframework\spring-web\4.1.7.RELEASE\spring-web-4.1.7.RELEASE.jar;C:\Users\Administrator\.m2\repository_new\org\springframework\spring-beans\4.1.7.RELEASE\spring-beans-4.1.7.RELEASE.jar;C:\Users\Administrator\.m2\repository_new\mysql\mysql-connector-java\5.1.18\mysql-connector-java-5.1.18.jar;C:\Users\Administrator\.m2\repository_new\org\slf4j\slf4j-log4j12\1.7.12\slf4j-log4j12-1.7.12.jar;C:\Users\Administrator\.m2\repository_new\log4j\log4j\1.2.17\log4j-1.2.17.jar;C:\Users\Administrator\.m2\repository_new\org\springframework\spring-core\4.1.7.RELEASE\spring-core-4.1.7.RELEASE.jar;C:\Users\Administrator\.m2\repository_new\commons-fileupload\commons-fileupload\1.3.1\commons-fileupload-1.3.1.jar;C:\Users\Administrator\.m2\repository_new\org\mybatis\mybatis\3.2.2\mybatis-3.2.2.jar;C:\Users\Administrator\.m2\repository_new\redis\clients\jedis\2.1.0\jedis-2.1.0.jar;C:\Users\Administrator\.m2\repository_new\com\alibaba\fastjson\1.2.31\fastjson-1.2.31.jar;C:\Users\Administrator\.m2\repository_new\io\springfox\springfox-swagger2\2.4.0\springfox-swagger2-2.4.0.jar;C:\Users\Administrator\.m2\repository_new\io\swagger\swagger-annotations\1.5.6\swagger-annotations-1.5.6.jar;C:\Users\Administrator\.m2\repository_new\io\swagger\swagger-models\1.5.6\swagger-models-1.5.6.jar;C:\Users\Administrator\.m2\repository_new\io\springfox\springfox-spi\2.4.0\springfox-spi-2.4.0.jar;C:\Users\Administrator\.m2\repository_new\io\springfox\springfox-core\2.4.0\springfox-core-2.4.0.jar;C:\Users\Administrator\.m2\repository_new\io\springfox\springfox-schema\2.4.0\springfox-schema-2.4.0.jar;C:\Users\Administrator\.m2\repository_new\io\springfox\springfox-swagger-common\2.4.0\springfox-swagger-common-2.4.0.jar;C:\Users\Administrator\.m2\repository_new\io\springfox\springfox-spring-web\2.4.0\springfox-spring-web-2.4.0.jar;C:\Users\Administrator\.m2\repository_new\org\springframework\plugin\spring-plugin-core\1.2.0.RELEASE\spring-plugin-core-1.2.0.RELEASE.jar;C:\Users\Administrator\.m2\repository_new\org\springframework\plugin\spring-plugin-metadata\1.2.0.RELEASE\spring-plugin-metadata-1.2.0.RELEASE.jar;C:\Users\Administrator\.m2\repository_new\io\springfox\springfox-swagger-ui\2.4.0\springfox-swagger-ui-2.4.0.jar;C:\Users\Administrator\.m2\repository_new\com\google\guava\guava\19.0\guava-19.0.jar;C:\Users\Administrator\.m2\repository_new\org\mapstruct\mapstruct-jdk8\1.1.0.Final\mapstruct-jdk8-1.1.0.Final.jar;C:\Users\Administrator\.m2\repository_new\com\fasterxml\jackson\core\jackson-core\2.8.7\jackson-core-2.8.7.jar;C:\Users\Administrator\.m2\repository_new\com\fasterxml\jackson\core\jackson-databind\2.8.7\jackson-databind-2.8.7.jar;C:\Users\Administrator\.m2\repository_new\com\fasterxml\jackson\core\jackson-annotations\2.8.7\jackson-annotations-2.8.7.jar;C:\Users\Administrator\.m2\repository_new\javax\mail\mail\1.4.7\mail-1.4.7.jar;C:\Users\Administrator\.m2\repository_new\javax\activation\activation\1.1\activation-1.1.jar;C:\Users\Administrator\.m2\repository_new\cn\itrip\itrip-jregex\1.2_01\itrip-jregex-1.2_01.jar;C:\Users\Administrator\.m2\repository_new\cn\itrip\ccprestsms\itrip-ccprestsms\1.0\itrip-ccprestsms-1.0.jar;C:\Users\Administrator\.m2\repository_new\com\thetransactioncompany\cors-filter\1.7\cors-filter-1.7.jar;C:\Users\Administrator\.m2\repository_new\com\thetransactioncompany\java-property-utils\1.9\java-property-utils-1.9.jar;"/>
    <property name="sun.cpu.endian" value="little"/>
    <property name="user.home" value="C:\Users\Administrator"/>
    <property name="user.language" value="zh"/>
    <property name="java.specification.vendor" value="Oracle Corporation"/>
    <property name="java.home" value="D:\Java\jdk1.8.0_144\jre"/>
    <property name="basedir" value="D:\IdeaProjects\itrip\itrip-auth"/>
    <property name="file.separator" value="\"/>
    <property name="line.separator" value="&#10;"/>
    <property name="java.vm.specification.vendor" value="Oracle Corporation"/>
    <property name="java.specification.name" value="Java Platform API Specification"/>
    <property name="java.awt.graphicsenv" value="sun.awt.Win32GraphicsEnvironment"/>
    <property name="surefire.real.class.path" value="C:\Users\ADMINI~1\AppData\Local\Temp\surefire2039145819501184328\surefirebooter7768630936591880107.jar"/>
    <property name="sun.boot.class.path" value="D:\Java\jdk1.8.0_144\jre\lib\resources.jar;D:\Java\jdk1.8.0_144\jre\lib\rt.jar;D:\Java\jdk1.8.0_144\jre\lib\sunrsasign.jar;D:\Java\jdk1.8.0_144\jre\lib\jsse.jar;D:\Java\jdk1.8.0_144\jre\lib\jce.jar;D:\Java\jdk1.8.0_144\jre\lib\charsets.jar;D:\Java\jdk1.8.0_144\jre\lib\jfr.jar;D:\Java\jdk1.8.0_144\jre\classes"/>
    <property name="user.script" value=""/>
    <property name="sun.management.compiler" value="HotSpot 64-Bit Tiered Compilers"/>
    <property name="java.runtime.version" value="1.8.0_144-b01"/>
    <property name="user.name" value="Administrator"/>
    <property name="path.separator" value=";"/>
    <property name="os.version" value="6.1"/>
    <property name="java.endorsed.dirs" value="D:\Java\jdk1.8.0_144\jre\lib\endorsed"/>
    <property name="java.runtime.name" value="Java(TM) SE Runtime Environment"/>
    <property name="file.encoding" value="GBK"/>
    <property name="java.vm.name" value="Java HotSpot(TM) 64-Bit Server VM"/>
    <property name="localRepository" value="C:\Users\Administrator\.m2\repository_new"/>
    <property name="java.vendor.url.bug" value="http://bugreport.sun.com/bugreport/"/>
    <property name="java.io.tmpdir" value="C:\Users\ADMINI~1\AppData\Local\Temp\"/>
    <property name="idea.version" value="2018.1"/>
    <property name="java.version" value="1.8.0_144"/>
    <property name="user.dir" value="D:\IdeaProjects\itrip\itrip-auth"/>
    <property name="os.arch" value="amd64"/>
    <property name="java.vm.specification.name" value="Java Virtual Machine Specification"/>
    <property name="java.awt.printerjob" value="sun.awt.windows.WPrinterJob"/>
    <property name="sun.os.patch.level" value="Service Pack 1"/>
    <property name="java.library.path" value="D:\Java\jdk1.8.0_144\jre\bin;C:\Windows\Sun\Java\bin;C:\Windows\system32;C:\Windows;;c:\program files\graphicsmagick-1.3.21-q16;d:\app\Administrator\product\11.1.0\db_1\bin;C:\Program Files (x86)\Common Files\NetSarang;D:\oracle\product\10.2.0\client_1\bin;D:\app\Administrator\product\11.2.0\dbhome_1\bin;C:\Windows\system32;C:\Windows;C:\Windows\System32\Wbem;C:\Windows\System32\WindowsPowerShell\v1.0\;C:\Program Files\Intel\WiFi\bin\;C:\Program Files\Common Files\Intel\WirelessCommon\;C:\Program Files (x86)\NVIDIA Corporation\PhysX\Common;C:\Program Files\Lenovo\Fingerprint Manager Pro\;D:\MySQL\MySQL Server 5.5\bin;C:\Program Files (x86)\IDM Computer Solutions\UltraEdit;D:\Program Files (x86)\Microsoft SQL Server\110\Tools\Binn\;D:\Program Files\Microsoft SQL Server\110\Tools\Binn\;D:\Program Files\Microsoft SQL Server\110\DTS\Binn\;D:\Program Files (x86)\Microsoft SQL Server\110\Tools\Binn\ManagementStudio\;D:\Program Files (x86)\Microsoft SQL Server\110\DTS\Binn\;C:\Program Files (x86)\MySQL\MySQL Server 5.5\bin;D:\VisualSVN Server\bin;D:\TortoiseSVN\bin;D:\apache-maven-3.3.9\bin;D:\nodejs\;C:\strawberry\c\bin;C:\strawberry\perl\bin;C:\Program Files\Microsoft\Web Platform Installer\;C:\Program Files (x86)\Microsoft ASP.NET\ASP.NET Web Pages\v1.0\;C:\Program Files (x86)\Windows Kits\8.0\Windows Performance Toolkit\;d:\Git\cmd;D:\\nodejs\\node-global;C:\Program Files (x86)\Lua\5.1;C:\Program Files (x86)\Lua\5.1\clibs;D:\Java\jdk1.8.0_144\bin;C:\Program Files\Intel\WiFi\bin\;C:\Program Files\Common Files\Intel\WirelessCommon\;C:\Users\Administrator\AppData\Roaming\npm;."/>
    <property name="java.vm.info" value="mixed mode"/>
    <property name="java.vendor" value="Oracle Corporation"/>
    <property name="java.vm.version" value="25.144-b01"/>
    <property name="java.ext.dirs" value="D:\Java\jdk1.8.0_144\jre\lib\ext;C:\Windows\Sun\Java\lib\ext"/>
    <property name="sun.io.unicode.encoding" value="UnicodeLittle"/>
    <property name="maven.repo.local" value="C:\Users\Administrator\.m2\repository_new"/>
    <property name="java.class.version" value="52.0"/>
  </properties>
  <testcase name="testfindAll" classname="cn.itrip.auth.service.TestUserService" time="2.515"/>
</testsuite>